    OpenRGB v0.8
    Commit:  from 
    Launched: 20230514_161603
====================================================================================================

0     |Info:    Found file: Default.orp attempting to validate header
0     |Info:    Valid v3 profile found for Default
1001  |Info:    ------------------------------------------------------
1001  |Info:    |               Start device detection               |
1001  |Info:    ------------------------------------------------------
1001  |Info:    Initializing HID interfaces: Success
1007  |Info:    ------------------------------------------------------
1007  |Info:    |             Detecting I2C interfaces               |
1007  |Info:    ------------------------------------------------------
1008  |Info:    Registering I2C interface: /dev/i2c-3 Device 10DE:1F02 Subsystem: 1458:4011
1008  |Info:    Registering I2C interface: /dev/i2c-1 Device 10DE:1F02 Subsystem: 1458:4011
1008  |Info:    Registering I2C interface: /dev/i2c-6 Device 10DE:1F02 Subsystem: 1458:4011
1008  |Info:    Registering I2C interface: /dev/i2c-4 Device 10DE:1F02 Subsystem: 1458:4011
1008  |Info:    Registering I2C interface: /dev/i2c-2 Device 10DE:1F02 Subsystem: 1458:4011
1009  |Info:    Registering I2C interface: /dev/i2c-0 Device 10DE:1F02 Subsystem: 1458:4011
1009  |Info:    Registering I2C interface: /dev/i2c-5 Device 10DE:1F02 Subsystem: 1458:4011
1009  |Info:    ------------------------------------------------------
1009  |Info:    |               Detecting I2C devices                |
1009  |Info:    ------------------------------------------------------
1009  |Info:    ------------------------------------------------------
1009  |Info:    |               Detecting I2C PCI devices            |
1009  |Info:    ------------------------------------------------------
1009  |Info:    ------------------------------------------------------
1009  |Info:    |               Detecting HID devices                |
1009  |Info:    ------------------------------------------------------
1128  |Info:    [X570 AORUS MASTER] Registering RGB controller
1549  |Info:    [G502 HERO SE] Registering RGB controller
1549  |Info:    ------------------------------------------------------
1549  |Info:    |              Detecting other devices               |
1549  |Info:    ------------------------------------------------------
1670  |Info:    ------------------------------------------------------
1670  |Info:    |                Detection completed                 |
1670  |Info:    ------------------------------------------------------
221142|Info:    ------------------------------------------------------
221142|Info:    |               Start device detection               |
221142|Info:    ------------------------------------------------------
221142|Info:    Initializing HID interfaces: Success
221146|Info:    ------------------------------------------------------
221146|Info:    |             Detecting I2C interfaces               |
221146|Info:    ------------------------------------------------------
221146|Info:    Registering I2C interface: /dev/i2c-3 Device 10DE:1F02 Subsystem: 1458:4011
221146|Info:    Registering I2C interface: /dev/i2c-1 Device 10DE:1F02 Subsystem: 1458:4011
221146|Info:    Registering I2C interface: /dev/i2c-6 Device 10DE:1F02 Subsystem: 1458:4011
221146|Info:    Registering I2C interface: /dev/i2c-4 Device 10DE:1F02 Subsystem: 1458:4011
221146|Info:    Registering I2C interface: /dev/i2c-2 Device 10DE:1F02 Subsystem: 1458:4011
221146|Info:    Registering I2C interface: /dev/i2c-0 Device 10DE:1F02 Subsystem: 1458:4011
221146|Info:    Registering I2C interface: /dev/i2c-5 Device 10DE:1F02 Subsystem: 1458:4011
221146|Info:    ------------------------------------------------------
221146|Info:    |               Detecting I2C devices                |
221146|Info:    ------------------------------------------------------
221146|Info:    ------------------------------------------------------
221146|Info:    |               Detecting I2C PCI devices            |
221146|Info:    ------------------------------------------------------
221147|Info:    ------------------------------------------------------
221147|Info:    |               Detecting HID devices                |
221147|Info:    ------------------------------------------------------
221265|Info:    [X570 AORUS MASTER] Registering RGB controller
221685|Info:    [G502 HERO SE] Registering RGB controller
221685|Info:    ------------------------------------------------------
221685|Info:    |              Detecting other devices               |
221685|Info:    ------------------------------------------------------
221795|Info:    ------------------------------------------------------
221795|Info:    |                Detection completed                 |
221795|Info:    ------------------------------------------------------
