    OpenRGB v0.8
    Commit:  from 
    Launched: 20230724_151656
====================================================================================================

1013  |Info:    Found file: my_profile.orp attempting to validate header
1021  |Info:    Valid v3 profile found for my_profile
1021  |Info:    Found file: Default.orp attempting to validate header
1022  |Info:    Valid v3 profile found for Default
2032  |Info:    ------------------------------------------------------
2032  |Info:    |               Start device detection               |
2032  |Info:    ------------------------------------------------------
2032  |Info:    Initializing HID interfaces: Success
2035  |Info:    ------------------------------------------------------
2035  |Info:    |             Detecting I2C interfaces               |
2035  |Info:    ------------------------------------------------------
2035  |Info:    Registering I2C interface: /dev/i2c-3 Device 10DE:1F02 Subsystem: 1458:4011
2035  |Info:    Registering I2C interface: /dev/i2c-1 Device 10DE:1F02 Subsystem: 1458:4011
2035  |Info:    Registering I2C interface: /dev/i2c-6 Device 10DE:1F02 Subsystem: 1458:4011
2035  |Info:    Registering I2C interface: /dev/i2c-4 Device 10DE:1F02 Subsystem: 1458:4011
2035  |Info:    Registering I2C interface: /dev/i2c-2 Device 10DE:1F02 Subsystem: 1458:4011
2036  |Info:    Registering I2C interface: /dev/i2c-0 Device 10DE:1F02 Subsystem: 1458:4011
2036  |Info:    Registering I2C interface: /dev/i2c-5 Device 10DE:1F02 Subsystem: 1458:4011
2036  |Info:    ------------------------------------------------------
2036  |Info:    |               Detecting I2C devices                |
2036  |Info:    ------------------------------------------------------
2036  |Info:    ------------------------------------------------------
2036  |Info:    |               Detecting I2C PCI devices            |
2036  |Info:    ------------------------------------------------------
2037  |Info:    ------------------------------------------------------
2037  |Info:    |               Detecting HID devices                |
2037  |Info:    ------------------------------------------------------
2210  |Info:    [X570 AORUS MASTER] Registering RGB controller
2632  |Info:    [G502 HERO SE] Registering RGB controller
2632  |Info:    ------------------------------------------------------
2632  |Info:    |              Detecting other devices               |
2632  |Info:    ------------------------------------------------------
2750  |Info:    ------------------------------------------------------
2750  |Info:    |                Detection completed                 |
2750  |Info:    ------------------------------------------------------
2750  |Info:    Profile loading: FAILED! for X570 AORUS MASTER @ HID: /dev/hidraw0
2750  |Info:    Profile loading: FAILED! for G502 HERO SE @ HID: /dev/hidraw3 (Receiver) 
Wireless Index: 255
