    OpenRGB v0.8
    Commit:  from 
    Launched: 20230712_112536
====================================================================================================

1012  |Info:    Found file: my_profile.orp attempting to validate header
1014  |Info:    Valid v3 profile found for my_profile
1014  |Info:    Found file: Default.orp attempting to validate header
1014  |Info:    Valid v3 profile found for Default
2019  |Info:    ------------------------------------------------------
2019  |Info:    |               Start device detection               |
2019  |Info:    ------------------------------------------------------
2019  |Info:    Initializing HID interfaces: Success
2024  |Info:    ------------------------------------------------------
2024  |Info:    |             Detecting I2C interfaces               |
2024  |Info:    ------------------------------------------------------
2024  |Info:    Registering I2C interface: /dev/i2c-3 Device 10DE:1F02 Subsystem: 1458:4011
2024  |Info:    Registering I2C interface: /dev/i2c-1 Device 10DE:1F02 Subsystem: 1458:4011
2024  |Info:    Registering I2C interface: /dev/i2c-6 Device 10DE:1F02 Subsystem: 1458:4011
2024  |Info:    Registering I2C interface: /dev/i2c-4 Device 10DE:1F02 Subsystem: 1458:4011
2024  |Info:    Registering I2C interface: /dev/i2c-2 Device 10DE:1F02 Subsystem: 1458:4011
2024  |Info:    Registering I2C interface: /dev/i2c-0 Device 10DE:1F02 Subsystem: 1458:4011
2025  |Info:    Registering I2C interface: /dev/i2c-5 Device 10DE:1F02 Subsystem: 1458:4011
2025  |Info:    ------------------------------------------------------
2025  |Info:    |               Detecting I2C devices                |
2025  |Info:    ------------------------------------------------------
2025  |Info:    ------------------------------------------------------
2025  |Info:    |               Detecting I2C PCI devices            |
2025  |Info:    ------------------------------------------------------
2026  |Info:    ------------------------------------------------------
2026  |Info:    |               Detecting HID devices                |
2026  |Info:    ------------------------------------------------------
2202  |Info:    [X570 AORUS MASTER] Registering RGB controller
2623  |Info:    [G502 HERO SE] Registering RGB controller
2623  |Info:    ------------------------------------------------------
2623  |Info:    |              Detecting other devices               |
2623  |Info:    ------------------------------------------------------
2753  |Info:    ------------------------------------------------------
2753  |Info:    |                Detection completed                 |
2753  |Info:    ------------------------------------------------------
2753  |Info:    Profile loading: FAILED! for X570 AORUS MASTER @ HID: /dev/hidraw0
2753  |Info:    Profile loading: FAILED! for G502 HERO SE @ HID: /dev/hidraw6 (Receiver) 
Wireless Index: 255
