    OpenRGB v0.8
    Commit:  from 
    Launched: 20230517_022328
====================================================================================================

1005  |Info:    Found file: my_profile.orp attempting to validate header
1005  |Info:    Valid v3 profile found for my_profile
1005  |Info:    Found file: Default.orp attempting to validate header
1005  |Info:    Valid v3 profile found for Default
2008  |Info:    ------------------------------------------------------
2008  |Info:    |               Start device detection               |
2008  |Info:    ------------------------------------------------------
2008  |Info:    Initializing HID interfaces: Success
2013  |Info:    ------------------------------------------------------
2013  |Info:    |             Detecting I2C interfaces               |
2013  |Info:    ------------------------------------------------------
2015  |Info:    Registering I2C interface: /dev/i2c-3 Device 10DE:1F02 Subsystem: 1458:4011
2015  |Info:    Registering I2C interface: /dev/i2c-1 Device 10DE:1F02 Subsystem: 1458:4011
2015  |Info:    Registering I2C interface: /dev/i2c-6 Device 10DE:1F02 Subsystem: 1458:4011
2015  |Info:    Registering I2C interface: /dev/i2c-4 Device 10DE:1F02 Subsystem: 1458:4011
2015  |Info:    Registering I2C interface: /dev/i2c-2 Device 10DE:1F02 Subsystem: 1458:4011
2015  |Info:    Registering I2C interface: /dev/i2c-0 Device 10DE:1F02 Subsystem: 1458:4011
2016  |Info:    Registering I2C interface: /dev/i2c-5 Device 10DE:1F02 Subsystem: 1458:4011
2016  |Info:    ------------------------------------------------------
2016  |Info:    |               Detecting I2C devices                |
2016  |Info:    ------------------------------------------------------
2016  |Info:    ------------------------------------------------------
2016  |Info:    |               Detecting I2C PCI devices            |
2016  |Info:    ------------------------------------------------------
2016  |Info:    ------------------------------------------------------
2016  |Info:    |               Detecting HID devices                |
2016  |Info:    ------------------------------------------------------
2191  |Info:    [X570 AORUS MASTER] Registering RGB controller
2611  |Info:    [G502 HERO SE] Registering RGB controller
2611  |Info:    ------------------------------------------------------
2611  |Info:    |              Detecting other devices               |
2611  |Info:    ------------------------------------------------------
2733  |Info:    ------------------------------------------------------
2733  |Info:    |                Detection completed                 |
2733  |Info:    ------------------------------------------------------
