    OpenRGB v0.8
    Commit:  from 
    Launched: 20230615_191830
====================================================================================================

1033  |Info:    Found file: my_profile.orp attempting to validate header
1034  |Info:    Valid v3 profile found for my_profile
1034  |Info:    Found file: Default.orp attempting to validate header
1034  |Info:    Valid v3 profile found for Default
2036  |Info:    ------------------------------------------------------
2036  |Info:    |               Start device detection               |
2036  |Info:    ------------------------------------------------------
2036  |Info:    Initializing HID interfaces: Success
2042  |Info:    ------------------------------------------------------
2042  |Info:    |             Detecting I2C interfaces               |
2042  |Info:    ------------------------------------------------------
2043  |Info:    Registering I2C interface: /dev/i2c-3 Device 10DE:1F02 Subsystem: 1458:4011
2043  |Info:    Registering I2C interface: /dev/i2c-1 Device 10DE:1F02 Subsystem: 1458:4011
2043  |Info:    Registering I2C interface: /dev/i2c-6 Device 10DE:1F02 Subsystem: 1458:4011
2043  |Info:    Registering I2C interface: /dev/i2c-4 Device 10DE:1F02 Subsystem: 1458:4011
2043  |Info:    Registering I2C interface: /dev/i2c-2 Device 10DE:1F02 Subsystem: 1458:4011
2043  |Info:    Registering I2C interface: /dev/i2c-0 Device 10DE:1F02 Subsystem: 1458:4011
2043  |Info:    Registering I2C interface: /dev/i2c-5 Device 10DE:1F02 Subsystem: 1458:4011
2043  |Info:    ------------------------------------------------------
2043  |Info:    |               Detecting I2C devices                |
2043  |Info:    ------------------------------------------------------
2043  |Info:    ------------------------------------------------------
2043  |Info:    |               Detecting I2C PCI devices            |
2043  |Info:    ------------------------------------------------------
2044  |Info:    ------------------------------------------------------
2044  |Info:    |               Detecting HID devices                |
2044  |Info:    ------------------------------------------------------
2217  |Info:    [X570 AORUS MASTER] Registering RGB controller
2638  |Info:    [G502 HERO SE] Registering RGB controller
2638  |Info:    ------------------------------------------------------
2638  |Info:    |              Detecting other devices               |
2638  |Info:    ------------------------------------------------------
2759  |Info:    ------------------------------------------------------
2759  |Info:    |                Detection completed                 |
2759  |Info:    ------------------------------------------------------
46921 |Info:    Profile loading: Succeeded for X570 AORUS MASTER @ HID: /dev/hidraw0
46921 |Info:    Profile loading: Succeeded for G502 HERO SE @ HID: /dev/hidraw6 (Receiver) 
Wireless Index: 255
48831 |Info:    Profile loading: Succeeded for X570 AORUS MASTER @ HID: /dev/hidraw0
48831 |Info:    Profile loading: Succeeded for G502 HERO SE @ HID: /dev/hidraw6 (Receiver) 
Wireless Index: 255
50662 |Info:    Profile loading: Succeeded for X570 AORUS MASTER @ HID: /dev/hidraw0
50662 |Info:    Profile loading: Succeeded for G502 HERO SE @ HID: /dev/hidraw6 (Receiver) 
Wireless Index: 255
58033 |Info:    Profile loading: Succeeded for X570 AORUS MASTER @ HID: /dev/hidraw0
58033 |Info:    Profile loading: Succeeded for G502 HERO SE @ HID: /dev/hidraw6 (Receiver) 
Wireless Index: 255
60100 |Info:    Profile loading: Succeeded for X570 AORUS MASTER @ HID: /dev/hidraw0
60100 |Info:    Profile loading: Succeeded for G502 HERO SE @ HID: /dev/hidraw6 (Receiver) 
Wireless Index: 255
