    OpenRGB v0.8
    Commit:  from 
    Launched: 20230516_202257
====================================================================================================

1029  |Info:    Found file: my_profile.orp attempting to validate header
1029  |Info:    Valid v3 profile found for my_profile
1029  |Info:    Found file: Default.orp attempting to validate header
1029  |Info:    Valid v3 profile found for Default
2031  |Info:    ------------------------------------------------------
2031  |Info:    |               Start device detection               |
2031  |Info:    ------------------------------------------------------
2031  |Info:    Initializing HID interfaces: Success
2037  |Info:    ------------------------------------------------------
2037  |Info:    |             Detecting I2C interfaces               |
2037  |Info:    ------------------------------------------------------
2038  |Info:    Registering I2C interface: /dev/i2c-3 Device 10DE:1F02 Subsystem: 1458:4011
2038  |Info:    Registering I2C interface: /dev/i2c-1 Device 10DE:1F02 Subsystem: 1458:4011
2038  |Info:    Registering I2C interface: /dev/i2c-6 Device 10DE:1F02 Subsystem: 1458:4011
2038  |Info:    Registering I2C interface: /dev/i2c-4 Device 10DE:1F02 Subsystem: 1458:4011
2039  |Info:    Registering I2C interface: /dev/i2c-2 Device 10DE:1F02 Subsystem: 1458:4011
2039  |Info:    Registering I2C interface: /dev/i2c-0 Device 10DE:1F02 Subsystem: 1458:4011
2039  |Info:    Registering I2C interface: /dev/i2c-5 Device 10DE:1F02 Subsystem: 1458:4011
2039  |Info:    ------------------------------------------------------
2039  |Info:    |               Detecting I2C devices                |
2039  |Info:    ------------------------------------------------------
2039  |Info:    ------------------------------------------------------
2039  |Info:    |               Detecting I2C PCI devices            |
2039  |Info:    ------------------------------------------------------
2039  |Info:    ------------------------------------------------------
2039  |Info:    |               Detecting HID devices                |
2039  |Info:    ------------------------------------------------------
2213  |Info:    [X570 AORUS MASTER] Registering RGB controller
2633  |Info:    [G502 HERO SE] Registering RGB controller
2633  |Info:    ------------------------------------------------------
2633  |Info:    |              Detecting other devices               |
2633  |Info:    ------------------------------------------------------
2755  |Info:    ------------------------------------------------------
2755  |Info:    |                Detection completed                 |
2755  |Info:    ------------------------------------------------------
21620504|Info:    Profile loading: Succeeded for X570 AORUS MASTER @ HID: /dev/hidraw0
21620504|Info:    Profile loading: Succeeded for G502 HERO SE @ HID: /dev/hidraw6 (Receiver) 
Wireless Index: 255
