    OpenRGB v0.8
    Commit:  from 
    Launched: 20230514_162325
====================================================================================================

0     |Info:    Found file: Default.orp attempting to validate header
0     |Info:    Valid v3 profile found for Default
1001  |Info:    ------------------------------------------------------
1001  |Info:    |               Start device detection               |
1001  |Info:    ------------------------------------------------------
1002  |Info:    Initializing HID interfaces: Success
1007  |Info:    ------------------------------------------------------
1007  |Info:    |             Detecting I2C interfaces               |
1007  |Info:    ------------------------------------------------------
1008  |Info:    Registering I2C interface: /dev/i2c-3 Device 10DE:1F02 Subsystem: 1458:4011
1008  |Info:    Registering I2C interface: /dev/i2c-1 Device 10DE:1F02 Subsystem: 1458:4011
1009  |Info:    Registering I2C interface: /dev/i2c-6 Device 10DE:1F02 Subsystem: 1458:4011
1009  |Info:    Registering I2C interface: /dev/i2c-4 Device 10DE:1F02 Subsystem: 1458:4011
1009  |Info:    Registering I2C interface: /dev/i2c-2 Device 10DE:1F02 Subsystem: 1458:4011
1009  |Info:    Registering I2C interface: /dev/i2c-0 Device 10DE:1F02 Subsystem: 1458:4011
1009  |Info:    Registering I2C interface: /dev/i2c-5 Device 10DE:1F02 Subsystem: 1458:4011
1009  |Info:    ------------------------------------------------------
1009  |Info:    |               Detecting I2C devices                |
1009  |Info:    ------------------------------------------------------
1009  |Info:    ------------------------------------------------------
1009  |Info:    |               Detecting I2C PCI devices            |
1009  |Info:    ------------------------------------------------------
1009  |Info:    ------------------------------------------------------
1009  |Info:    |               Detecting HID devices                |
1009  |Info:    ------------------------------------------------------
1128  |Info:    [X570 AORUS MASTER] Registering RGB controller
1547  |Info:    [G502 HERO SE] Registering RGB controller
1547  |Info:    ------------------------------------------------------
1547  |Info:    |              Detecting other devices               |
1547  |Info:    ------------------------------------------------------
1669  |Info:    ------------------------------------------------------
1669  |Info:    |                Detection completed                 |
1669  |Info:    ------------------------------------------------------
419446|Info:    Closing server connection: 127.0.0.1
1193051|Info:    Closing server connection: 127.0.0.1
5265295|Info:    Found file: Default.orp attempting to validate header
5265295|Info:    Valid v3 profile found for Default
5286716|Info:    Closing server connection: 127.0.0.1
5314901|Info:    Found file: Default.orp attempting to validate header
5314901|Info:    Valid v3 profile found for Default
5349279|Info:    Closing server connection: 127.0.0.1
5366943|Info:    Found file: Default.orp attempting to validate header
5366943|Info:    Valid v3 profile found for Default
5386759|Info:    Found file: Default.orp attempting to validate header
5386759|Info:    Valid v3 profile found for Default
5389300|Info:    Closing server connection: 127.0.0.1
5410531|Info:    Found file: Default.orp attempting to validate header
5410531|Info:    Valid v3 profile found for Default
5459190|Info:    Closing server connection: 127.0.0.1
5480685|Info:    Closing server connection: 127.0.0.1
5620201|Info:    Closing server connection: 127.0.0.1
5624611|Info:    Closing server connection: 127.0.0.1
