    OpenRGB v0.8
    Commit:  from 
    Launched: 20230514_160802
====================================================================================================

0     |Info:    Found file: Default.orp attempting to validate header
0     |Info:    Valid v3 profile found for Default
1001  |Info:    ------------------------------------------------------
1001  |Info:    |               Start device detection               |
1001  |Info:    ------------------------------------------------------
1002  |Info:    Initializing HID interfaces: Success
1007  |Info:    ------------------------------------------------------
1007  |Info:    |             Detecting I2C interfaces               |
1007  |Info:    ------------------------------------------------------
1008  |Info:    Registering I2C interface: /dev/i2c-3 Device 10DE:1F02 Subsystem: 1458:4011
1008  |Info:    Registering I2C interface: /dev/i2c-1 Device 10DE:1F02 Subsystem: 1458:4011
1009  |Info:    Registering I2C interface: /dev/i2c-6 Device 10DE:1F02 Subsystem: 1458:4011
1009  |Info:    Registering I2C interface: /dev/i2c-4 Device 10DE:1F02 Subsystem: 1458:4011
1009  |Info:    Registering I2C interface: /dev/i2c-2 Device 10DE:1F02 Subsystem: 1458:4011
1009  |Info:    Registering I2C interface: /dev/i2c-0 Device 10DE:1F02 Subsystem: 1458:4011
1009  |Info:    Registering I2C interface: /dev/i2c-5 Device 10DE:1F02 Subsystem: 1458:4011
1009  |Info:    ------------------------------------------------------
1009  |Info:    |               Detecting I2C devices                |
1009  |Info:    ------------------------------------------------------
1009  |Info:    ------------------------------------------------------
1009  |Info:    |               Detecting I2C PCI devices            |
1009  |Info:    ------------------------------------------------------
1009  |Info:    ------------------------------------------------------
1009  |Info:    |               Detecting HID devices                |
1009  |Info:    ------------------------------------------------------
1128  |Info:    [X570 AORUS MASTER] Registering RGB controller
1549  |Info:    [G502 HERO SE] Registering RGB controller
1549  |Info:    ------------------------------------------------------
1549  |Info:    |              Detecting other devices               |
1549  |Info:    ------------------------------------------------------
1671  |Info:    ------------------------------------------------------
1671  |Info:    |                Detection completed                 |
1671  |Info:    ------------------------------------------------------
126361|Info:    Found file: Default.orp attempting to validate header
126361|Info:    Valid v3 profile found for Default
127254|Info:    Found file: Default.orp attempting to validate header
127254|Info:    Valid v3 profile found for Default
