    OpenRGB v0.8
    Commit:  from 
    Launched: 20230708_195643
====================================================================================================

1006  |Info:    Found file: my_profile.orp attempting to validate header
1006  |Info:    Valid v3 profile found for my_profile
1006  |Info:    Found file: Default.orp attempting to validate header
1007  |Info:    Valid v3 profile found for Default
2010  |Info:    ------------------------------------------------------
2010  |Info:    |               Start device detection               |
2010  |Info:    ------------------------------------------------------
2010  |Info:    Initializing HID interfaces: Success
2014  |Info:    ------------------------------------------------------
2014  |Info:    |             Detecting I2C interfaces               |
2014  |Info:    ------------------------------------------------------
2014  |Info:    Registering I2C interface: /dev/i2c-3 Device 10DE:1F02 Subsystem: 1458:4011
2014  |Info:    Registering I2C interface: /dev/i2c-1 Device 10DE:1F02 Subsystem: 1458:4011
2014  |Info:    Registering I2C interface: /dev/i2c-6 Device 10DE:1F02 Subsystem: 1458:4011
2014  |Info:    Registering I2C interface: /dev/i2c-4 Device 10DE:1F02 Subsystem: 1458:4011
2014  |Info:    Registering I2C interface: /dev/i2c-2 Device 10DE:1F02 Subsystem: 1458:4011
2014  |Info:    Registering I2C interface: /dev/i2c-0 Device 10DE:1F02 Subsystem: 1458:4011
2014  |Info:    Registering I2C interface: /dev/i2c-5 Device 10DE:1F02 Subsystem: 1458:4011
2014  |Info:    ------------------------------------------------------
2014  |Info:    |               Detecting I2C devices                |
2014  |Info:    ------------------------------------------------------
2015  |Info:    ------------------------------------------------------
2015  |Info:    |               Detecting I2C PCI devices            |
2015  |Info:    ------------------------------------------------------
2015  |Info:    ------------------------------------------------------
2015  |Info:    |               Detecting HID devices                |
2015  |Info:    ------------------------------------------------------
2190  |Info:    [X570 AORUS MASTER] Registering RGB controller
2611  |Info:    [G502 HERO SE] Registering RGB controller
2611  |Info:    ------------------------------------------------------
2611  |Info:    |              Detecting other devices               |
2611  |Info:    ------------------------------------------------------
2728  |Info:    ------------------------------------------------------
2728  |Info:    |                Detection completed                 |
2728  |Info:    ------------------------------------------------------
2728  |Info:    Profile loading: FAILED! for X570 AORUS MASTER @ HID: /dev/hidraw0
2728  |Info:    Profile loading: FAILED! for G502 HERO SE @ HID: /dev/hidraw6 (Receiver) 
Wireless Index: 255
