    OpenRGB v0.8
    Commit:  from 
    Launched: 20230516_235402
====================================================================================================

1005  |Info:    Found file: my_profile.orp attempting to validate header
1005  |Info:    Valid v3 profile found for my_profile
1005  |Info:    Found file: Default.orp attempting to validate header
1005  |Info:    Valid v3 profile found for Default
2008  |Info:    ------------------------------------------------------
2008  |Info:    |               Start device detection               |
2008  |Info:    ------------------------------------------------------
2008  |Info:    Initializing HID interfaces: Success
2013  |Info:    ------------------------------------------------------
2013  |Info:    |             Detecting I2C interfaces               |
2013  |Info:    ------------------------------------------------------
2015  |Info:    Registering I2C interface: /dev/i2c-3 Device 10DE:1F02 Subsystem: 1458:4011
2015  |Info:    Registering I2C interface: /dev/i2c-1 Device 10DE:1F02 Subsystem: 1458:4011
2015  |Info:    Registering I2C interface: /dev/i2c-6 Device 10DE:1F02 Subsystem: 1458:4011
2015  |Info:    Registering I2C interface: /dev/i2c-4 Device 10DE:1F02 Subsystem: 1458:4011
2015  |Info:    Registering I2C interface: /dev/i2c-2 Device 10DE:1F02 Subsystem: 1458:4011
2015  |Info:    Registering I2C interface: /dev/i2c-0 Device 10DE:1F02 Subsystem: 1458:4011
2015  |Info:    Registering I2C interface: /dev/i2c-5 Device 10DE:1F02 Subsystem: 1458:4011
2015  |Info:    ------------------------------------------------------
2015  |Info:    |               Detecting I2C devices                |
2015  |Info:    ------------------------------------------------------
2015  |Info:    ------------------------------------------------------
2015  |Info:    |               Detecting I2C PCI devices            |
2015  |Info:    ------------------------------------------------------
2016  |Info:    ------------------------------------------------------
2016  |Info:    |               Detecting HID devices                |
2016  |Info:    ------------------------------------------------------
2135  |Info:    [X570 AORUS MASTER] Registering RGB controller
2555  |Info:    [G502 HERO SE] Registering RGB controller
2555  |Info:    ------------------------------------------------------
2555  |Info:    |              Detecting other devices               |
2555  |Info:    ------------------------------------------------------
2677  |Info:    ------------------------------------------------------
2677  |Info:    |                Detection completed                 |
2677  |Info:    ------------------------------------------------------
8742  |Info:    Profile loading: Succeeded for X570 AORUS MASTER @ HID: /dev/hidraw0
8742  |Info:    Profile loading: Succeeded for G502 HERO SE @ HID: /dev/hidraw6 (Receiver) 
Wireless Index: 255
10258 |Info:    Profile loading: Succeeded for X570 AORUS MASTER @ HID: /dev/hidraw0
10258 |Info:    Profile loading: Succeeded for G502 HERO SE @ HID: /dev/hidraw6 (Receiver) 
Wireless Index: 255
209279|Info:    Found file: my_profile.orp attempting to validate header
209279|Info:    Valid v3 profile found for my_profile
209279|Info:    Found file: Default.orp attempting to validate header
209279|Info:    Valid v3 profile found for Default
8956287|Info:    Profile loading: Succeeded for X570 AORUS MASTER @ HID: /dev/hidraw0
8956287|Info:    Profile loading: Succeeded for G502 HERO SE @ HID: /dev/hidraw6 (Receiver) 
Wireless Index: 255
