    OpenRGB v0.8
    Commit:  from 
    Launched: 20230514_175758
====================================================================================================

1007  |Info:    Found file: Default.orp attempting to validate header
1007  |Info:    Valid v3 profile found for Default
2009  |Info:    ------------------------------------------------------
2009  |Info:    |               Start device detection               |
2009  |Info:    ------------------------------------------------------
2009  |Info:    Initializing HID interfaces: Success
2015  |Info:    ------------------------------------------------------
2015  |Info:    |             Detecting I2C interfaces               |
2015  |Info:    ------------------------------------------------------
2016  |Info:    Registering I2C interface: /dev/i2c-3 Device 10DE:1F02 Subsystem: 1458:4011
2016  |Info:    Registering I2C interface: /dev/i2c-1 Device 10DE:1F02 Subsystem: 1458:4011
2016  |Info:    Registering I2C interface: /dev/i2c-6 Device 10DE:1F02 Subsystem: 1458:4011
2016  |Info:    Registering I2C interface: /dev/i2c-4 Device 10DE:1F02 Subsystem: 1458:4011
2017  |Info:    Registering I2C interface: /dev/i2c-2 Device 10DE:1F02 Subsystem: 1458:4011
2017  |Info:    Registering I2C interface: /dev/i2c-0 Device 10DE:1F02 Subsystem: 1458:4011
2017  |Info:    Registering I2C interface: /dev/i2c-5 Device 10DE:1F02 Subsystem: 1458:4011
2017  |Info:    ------------------------------------------------------
2017  |Info:    |               Detecting I2C devices                |
2017  |Info:    ------------------------------------------------------
2017  |Info:    ------------------------------------------------------
2017  |Info:    |               Detecting I2C PCI devices            |
2017  |Info:    ------------------------------------------------------
2017  |Info:    ------------------------------------------------------
2017  |Info:    |               Detecting HID devices                |
2017  |Info:    ------------------------------------------------------
2135  |Info:    [X570 AORUS MASTER] Registering RGB controller
2556  |Info:    [G502 HERO SE] Registering RGB controller
2556  |Info:    ------------------------------------------------------
2556  |Info:    |              Detecting other devices               |
2556  |Info:    ------------------------------------------------------
2678  |Info:    ------------------------------------------------------
2678  |Info:    |                Detection completed                 |
2678  |Info:    ------------------------------------------------------
169970|Info:    Profile loading: Succeeded for X570 AORUS MASTER @ HID: /dev/hidraw0
169970|Info:    Profile loading: Succeeded for G502 HERO SE @ HID: /dev/hidraw6 (Receiver) 
Wireless Index: 255
172967|Info:    Profile loading: Succeeded for X570 AORUS MASTER @ HID: /dev/hidraw0
172967|Info:    Profile loading: Succeeded for G502 HERO SE @ HID: /dev/hidraw6 (Receiver) 
Wireless Index: 255
173372|Info:    Profile loading: Succeeded for X570 AORUS MASTER @ HID: /dev/hidraw0
173372|Info:    Profile loading: Succeeded for G502 HERO SE @ HID: /dev/hidraw6 (Receiver) 
Wireless Index: 255
173710|Info:    Profile loading: Succeeded for X570 AORUS MASTER @ HID: /dev/hidraw0
173710|Info:    Profile loading: Succeeded for G502 HERO SE @ HID: /dev/hidraw6 (Receiver) 
Wireless Index: 255
173897|Info:    Profile loading: Succeeded for X570 AORUS MASTER @ HID: /dev/hidraw0
173897|Info:    Profile loading: Succeeded for G502 HERO SE @ HID: /dev/hidraw6 (Receiver) 
Wireless Index: 255
176870|Info:    Found file: Default.orp attempting to validate header
176870|Info:    Valid v3 profile found for Default
184714|Info:    Found file: my_profile.orp attempting to validate header
184714|Info:    Valid v3 profile found for my_profile
184714|Info:    Found file: Default.orp attempting to validate header
184714|Info:    Valid v3 profile found for Default
645028|Info:    Found file: my_profile.orp attempting to validate header
645028|Info:    Valid v3 profile found for my_profile
645028|Info:    Found file: Default.orp attempting to validate header
645028|Info:    Valid v3 profile found for Default
1926384|Info:    Found file: my_profile.orp attempting to validate header
1926384|Info:    Valid v3 profile found for my_profile
1926384|Info:    Found file: Default.orp attempting to validate header
1926384|Info:    Valid v3 profile found for Default
2605096|Info:    Found file: my_profile.orp attempting to validate header
2605096|Info:    Valid v3 profile found for my_profile
2605096|Info:    Found file: Default.orp attempting to validate header
2605096|Info:    Valid v3 profile found for Default
2627708|Info:    Found file: my_profile.orp attempting to validate header
2627708|Info:    Valid v3 profile found for my_profile
2627708|Info:    Found file: Default.orp attempting to validate header
2627708|Info:    Valid v3 profile found for Default
